make --dry-run --always-make --keep-going --print-directory
make: Entering directory `/Users/zhangfei/code/cpp-primer/cpp-primer'
#创建bin目录
if [ ! -d /Users/zhangfei/code/cpp-primer/cpp-primer/bin ]; then \
		mkdir bin; \
	fi
echo "make"
make -C /Users/zhangfei/code/cpp-primer/cpp-primer/chapter01 all;
make -C /Users/zhangfei/code/cpp-primer/cpp-primer/chapter02 all;
make -C /Users/zhangfei/code/cpp-primer/cpp-primer/chapter03 all;
make -C /Users/zhangfei/code/cpp-primer/cpp-primer/chapter05 all;
make -C /Users/zhangfei/code/cpp-primer/cpp-primer/chapter06 all;
make -C /Users/zhangfei/code/cpp-primer/cpp-primer/chapter07 all;
make -C /Users/zhangfei/code/cpp-primer/cpp-primer/chapter08 all;
make -C /Users/zhangfei/code/cpp-primer/cpp-primer/chapter09 all;
make -C /Users/zhangfei/code/cpp-primer/cpp-primer/chapter10 all;
make -C /Users/zhangfei/code/cpp-primer/cpp-primer/chapter11 all;
make -C /Users/zhangfei/code/cpp-primer/cpp-primer/chapter12 all;
make -C /Users/zhangfei/code/cpp-primer/cpp-primer/chapter13 all;
echo "make end."
make: Leaving directory `/Users/zhangfei/code/cpp-primer/cpp-primer'
 
