make all --print-data-base --no-builtin-variables --no-builtin-rules --question
# GNU Make 3.81
# Copyright (C) 2006  Free Software Foundation, Inc.
# This is free software; see the source for copying conditions.
# There is NO warranty; not even for MERCHANTABILITY or FITNESS FOR A
# PARTICULAR PURPOSE.

# This program built for i386-apple-darwin11.3.0
 

# Make data base, printed on Thu Aug 18 00:48:34 2022

# Variables

# automatic
<D = $(patsubst %/,%,$(dir $<))
# automatic
?F = $(notdir $?)
# automatic
?D = $(patsubst %/,%,$(dir $?))
# automatic
@D = $(patsubst %/,%,$(dir $@))
# automatic
@F = $(notdir $@)
# makefile
CURDIR := /Users/zhangfei/code/cpp-primer/cpp-primer
# makefile
SHELL = /bin/sh
# environment
VSCODE_NLS_CONFIG = {"locale":"zh-cn","availableLanguages":{"*":"zh-cn"},"_languagePackId":"08bdb29c43b4c03defdaaecc51ad48b6.zh-cn","_translationsConfigFile":"/Users/zhangfei/Library/Application Support/Code/clp/08bdb29c43b4c03defdaaecc51ad48b6.zh-cn/tcf.json","_cacheRoot":"/Users/zhangfei/Library/Application Support/Code/clp/08bdb29c43b4c03defdaaecc51ad48b6.zh-cn","_resolvedLanguagePackCoreLocation":"/Users/zhangfei/Library/Application Support/Code/clp/08bdb29c43b4c03defdaaecc51ad48b6.zh-cn/6d9b74a70ca9c7733b29f0456fd8195364076dda","_corruptedFile":"/Users/zhangfei/Library/Application Support/Code/clp/08bdb29c43b4c03defdaaecc51ad48b6.zh-cn/corrupted.info","_languagePackSupport":true}
# environment
_ = /usr/bin/make
# makefile (from `Makefile', line 6)
CFLAGS = -Wall -Wextra -Werror -g
# makefile (from `Makefile', line 1)
MAKEFILE_LIST :=  Makefile
 
# environment
__CFBundleIdentifier = com.microsoft.VSCode
# environment
INFOPATH = /opt/homebrew/share/info:
# environment
VSCODE_CWD = /
# environment
PATH = /opt/homebrew/bin:/opt/homebrew/sbin:/usr/local/bin:/usr/bin:/bin:/usr/sbin:/sbin:/usr/local/go/bin:/usr/local/share/dotnet:~/.dotnet/tools:/Library/Apple/usr/bin:/Library/Frameworks/Mono.framework/Versions/Current/Commands:/usr/local/mysql/bin/:/usr/local/share/dotnet/
# makefile (from `Makefile', line 14)
CHAPTER_06 = $(shell find $(WORKDIR)  -mindepth 1 -maxdepth 1 -type d | grep 'chapter06')
# makefile (from `Makefile', line 15)
CHAPTER_07 = $(shell find $(WORKDIR)  -mindepth 1 -maxdepth 1 -type d | grep 'chapter07')
# makefile (from `Makefile', line 16)
CHAPTER_08 = $(shell find $(WORKDIR)  -mindepth 1 -maxdepth 1 -type d | grep 'chapter08')
# makefile (from `Makefile', line 17)
CHAPTER_09 = $(shell find $(WORKDIR)  -mindepth 1 -maxdepth 1 -type d | grep 'chapter09')
# makefile (from `Makefile', line 10)
CHAPTER_01 = $(shell find $(WORKDIR)  -mindepth 1 -maxdepth 1 -type d | grep 'chapter01')
# environment
ELECTRON_RUN_AS_NODE = 1
# default
.FEATURES := target-specific order-only second-expansion else-if archives jobserver check-symlink
# environment
SSH_AUTH_SOCK = /private/tmp/com.apple.launchd.Q85NPMwp06/Listeners
# makefile (from `Makefile', line 18)
CHAPTER_10 = $(shell find $(WORKDIR)  -mindepth 1 -maxdepth 1 -type d | grep 'chapter10')
# automatic
%F = $(notdir $%)
# makefile (from `Makefile', line 19)
CHAPTER_11 = $(shell find $(WORKDIR)  -mindepth 1 -maxdepth 1 -type d | grep 'chapter11')
# environment
PWD = /Users/zhangfei/code/cpp-primer/cpp-primer
# makefile (from `Makefile', line 11)
CHAPTER_02 = $(shell find $(WORKDIR)  -mindepth 1 -maxdepth 1 -type d | grep 'chapter02')
# environment
HOMEBREW_CELLAR = /opt/homebrew/Cellar
# environment
ORIGINAL_XDG_CURRENT_DESKTOP = undefined
# environment
MANPATH = /opt/homebrew/share/man::
# environment
VSCODE_AMD_ENTRYPOINT = vs/workbench/api/node/extensionHostProcess
# environment
HOME = /Users/zhangfei
# default
MAKEFILEPATH := /Applications/Xcode.app/Contents/Developer/Makefiles
# environment
VSCODE_CODE_CACHE_PATH = /Users/zhangfei/Library/Application Support/Code/CachedData/6d9b74a70ca9c7733b29f0456fd8195364076dda
# environment
LOGNAME = zhangfei
# environment
APPLICATION_INSIGHTS_NO_DIAGNOSTIC_CHANNEL = 1
# makefile (from `Makefile', line 20)
CHAPTER_12 = $(shell find $(WORKDIR)  -mindepth 1 -maxdepth 1 -type d | grep 'chapter12')
# environment
VSCODE_HANDLES_UNCAUGHT_ERRORS = true
# automatic
^D = $(patsubst %/,%,$(dir $^))
# environment
XPC_FLAGS = 0x0
# default
MAKE = $(MAKE_COMMAND)
# default
MAKECMDGOALS := all
# environment
SHLVL = 1
# makefile (from `Makefile', line 2)
CC = g++
# default
MAKE_VERSION := 3.81
# environment
USER = zhangfei
# makefile
.DEFAULT_GOAL := all
# makefile (from `Makefile', line 12)
CHAPTER_03 = $(shell find $(WORKDIR)  -mindepth 1 -maxdepth 1 -type d | grep 'chapter03')
# automatic
%D = $(patsubst %/,%,$(dir $%))
# default
MAKE_COMMAND := /Applications/Xcode.app/Contents/Developer/usr/bin/make
# default
.VARIABLES := 
# environment
TMPDIR = /var/folders/w9/zfp31c1d2n9gfxb4m2lnx1d40000gn/T/
# automatic
*F = $(notdir $*)
# environment
VSCODE_IPC_HOOK = /Users/zhangfei/Library/Application Support/Code/1.70.1-main.sock
# environment
MallocNanoZone = 0
# makefile
MAKEFLAGS = Rrqp
# makefile (from `Makefile', line 21)
CHAPTER_13 = $(shell find $(WORKDIR)  -mindepth 1 -maxdepth 1 -type d | grep 'chapter13')
# environment
MFLAGS = -Rrqp
# automatic
*D = $(patsubst %/,%,$(dir $*))
# environment
XPC_SERVICE_NAME = application.com.microsoft.VSCode.5157018.5157024
# environment
HOMEBREW_PREFIX = /opt/homebrew
# automatic
+D = $(patsubst %/,%,$(dir $+))
# makefile (from `Makefile', line 13)
CHAPTER_05 = $(shell find $(WORKDIR)  -mindepth 1 -maxdepth 1 -type d | grep 'chapter05')
# automatic
+F = $(notdir $+)
# environment
HOMEBREW_REPOSITORY = /opt/homebrew
# environment
__CF_USER_TEXT_ENCODING = 0x1F5:0x19:0x34
# environment
COMMAND_MODE = unix2003
# default
MAKEFILES := 
# automatic
<F = $(notdir $<)
# makefile (from `Makefile', line 5)
WORKDIR = $(shell pwd)
# environment
LC_ALL = C
# makefile (from `Makefile', line 7)
LIBS = -lstdc++ -std=c++14
# automatic
^F = $(notdir $^)
# default
SUFFIXES := 
# default
.INCLUDE_DIRS = /usr/local/include
# environment
MAKELEVEL := 0
# environment
LANG = C
# environment
VSCODE_PID = 7583
# variable set hash-table stats:
# Load=79/1024=8%, Rehash=0, Collisions=3/180=2%

# Pattern-specific Variable Values

# No pattern-specific variable values.

# Directories

# . (device 16777234, inode 2069437): 23 files, no impossibilities.

# 23 files, no impossibilities in 1 directories.

# Implicit Rules

# No implicit rules.

# Files

all:
#  Command-line target.
#  Implicit rule search has not been done.
#  Implicit/static pattern stem: `'
#  File does not exist.
#  File has been updated.
#  Needs to be updated (-q is set).
# automatic
# @ := all
# automatic
# % := 
# automatic
# * := 
# automatic
# + := 
# automatic
# | := 
# automatic
# < := 
# automatic
# ^ := 
# automatic
# ? := 
# variable set hash-table stats:
# Load=8/32=25%, Rehash=0, Collisions=8/85=9%
#  commands to execute (from `Makefile', line 27):
	@#创建bin目录
	@if [ ! -d $(WORKDIR)/bin ]; then \
	mkdir bin; \
	fi
	@echo "make"
	make -C $(CHAPTER_01) all;
	make -C $(CHAPTER_02) all;
	make -C $(CHAPTER_03) all;
	make -C $(CHAPTER_05) all;
	make -C $(CHAPTER_06) all;
	make -C $(CHAPTER_07) all;
	make -C $(CHAPTER_08) all;
	make -C $(CHAPTER_09) all;
	make -C $(CHAPTER_10) all;
	make -C $(CHAPTER_11) all;
	make -C $(CHAPTER_12) all;
	make -C $(CHAPTER_13) all;
	@echo "make end."
	

.PHONY: clean
#  Implicit rule search has not been done.
#  Modification time never checked.
#  File has not been updated.

# Not a target:
.SUFFIXES:
#  Implicit rule search has not been done.
#  Modification time never checked.
#  File has not been updated.

# Not a target:
Makefile:
#  Implicit rule search has been done.
#  Last modified 2022-07-16 12:55:43
#  File has been updated.
#  Successfully updated.
# variable set hash-table stats:
# Load=0/32=0%, Rehash=0, Collisions=0/0=0%

# Not a target:
.DEFAULT:
#  Implicit rule search has not been done.
#  Modification time never checked.
#  File has not been updated.

clean:
#  Phony target (prerequisite of .PHONY).
#  Implicit rule search has not been done.
#  File does not exist.
#  File has not been updated.
#  commands to execute (from `Makefile', line 50):
	@echo "make clean"
	make -C $(CHAPTER_01) clean;
	make -C $(CHAPTER_02) clean;
	make -C $(CHAPTER_03) clean;
	make -C $(CHAPTER_05) clean;
	make -C $(CHAPTER_06) clean;
	make -C $(CHAPTER_07) clean;
	make -C $(CHAPTER_08) clean;
	make -C $(CHAPTER_09) clean;
	make -C $(CHAPTER_10) clean;
	make -C $(CHAPTER_11) clean;
	make -C $(CHAPTER_12) clean;
	make -C $(CHAPTER_13) clean;
	@rm -r $(WORKDIR)/bin/*
	@echo "make clean end"
	

# files hash-table stats:
# Load=6/1024=1%, Rehash=0, Collisions=0/21=0%
# VPATH Search Paths

# No `vpath' search paths.

# No general (`VPATH' variable) search path.

# # of strings in strcache: 1
# # of strcache buffers: 1
# strcache size: total = 4096 / max = 4096 / min = 4096 / avg = 4096
# strcache free: total = 4087 / max = 4087 / min = 4087 / avg = 4087

# Finished Make data base on Thu Aug 18 00:48:34 2022

 
